<?xml version="1.0" encoding="UTF-8"?>
<!-- Generated by org.testng.reporters.JUnitXMLReporter -->
<testsuite ignored="0" hostname="DESKTOP-LJNAPK9" failures="1" tests="10" name="Bus Booking Tests" time="58.053" errors="0" timestamp="2025-08-09T14:40:28 IST">
  <testcase classname="tests.BusBookingTest" name="setupBusBooking" time="6.144"/>
  <testcase classname="tests.BusBookingTest" name="setupBusBooking" time="48.835">
    <failure type="org.openqa.selenium.ElementClickInterceptedException" message="element click intercepted: Element is not clickable at point (701, 599)
  (Session info: chrome=138.0.7204.185)
Build info: version: &amp;apos;4.21.0&amp;apos;, revision: &amp;apos;79ed462ef4&amp;apos;
System info: os.name: &amp;apos;Windows 11&amp;apos;, os.arch: &amp;apos;amd64&amp;apos;, os.version: &amp;apos;10.0&amp;apos;, java.version: &amp;apos;21.0.6&amp;apos;
Driver info: org.openqa.selenium.chrome.ChromeDriver
Command: [406082e6ede7e13e34931232c26560fe, clickElement {id=f.50A9885EA15330090F785778FC5ECA72.d.4515DDD361D08AB0C39287BB5122C32B.e.324}]
Capabilities {acceptInsecureCerts: false, browserName: chrome, browserVersion: 138.0.7204.185, chrome: {chromedriverVersion: 138.0.7204.183 (e90faf484dd..., userDataDir: C:\Users\DELL\AppData\Local...}, fedcm:accounts: true, goog:chromeOptions: {debuggerAddress: localhost:50207}, networkConnectionEnabled: false, pageLoadStrategy: normal, platformName: windows, proxy: Proxy(), se:cdp: ws://localhost:50207/devtoo..., se:cdpVersion: 138.0.7204.185, setWindowRect: true, strictFileInteractability: false, timeouts: {implicit: 0, pageLoad: 300000, script: 30000}, unhandledPromptBehavior: dismiss and notify, webauthn:extension:credBlob: true, webauthn:extension:largeBlob: true, webauthn:extension:minPinLength: true, webauthn:extension:prf: true, webauthn:virtualAuthenticators: true}
Element: [[ChromeDriver: chrome on windows (406082e6ede7e13e34931232c26560fe)] -&amp;gt; xpath: //div[contains(@class, &amp;apos;DayPicker-Day&amp;apos;) and contains(@aria-label, &amp;apos;Aug 26 2025&amp;apos;) and @aria-disabled=&amp;apos;false&amp;apos;]]
Session ID: 406082e6ede7e13e34931232c26560fe">
      <![CDATA[org.openqa.selenium.ElementClickInterceptedException: element click intercepted: Element is not clickable at point (701, 599)
  (Session info: chrome=138.0.7204.185)
Build info: version: '4.21.0', revision: '79ed462ef4'
System info: os.name: 'Windows 11', os.arch: 'amd64', os.version: '10.0', java.version: '21.0.6'
Driver info: org.openqa.selenium.chrome.ChromeDriver
Command: [406082e6ede7e13e34931232c26560fe, clickElement {id=f.50A9885EA15330090F785778FC5ECA72.d.4515DDD361D08AB0C39287BB5122C32B.e.324}]
Capabilities {acceptInsecureCerts: false, browserName: chrome, browserVersion: 138.0.7204.185, chrome: {chromedriverVersion: 138.0.7204.183 (e90faf484dd..., userDataDir: C:\Users\DELL\AppData\Local...}, fedcm:accounts: true, goog:chromeOptions: {debuggerAddress: localhost:50207}, networkConnectionEnabled: false, pageLoadStrategy: normal, platformName: windows, proxy: Proxy(), se:cdp: ws://localhost:50207/devtoo..., se:cdpVersion: 138.0.7204.185, setWindowRect: true, strictFileInteractability: false, timeouts: {implicit: 0, pageLoad: 300000, script: 30000}, unhandledPromptBehavior: dismiss and notify, webauthn:extension:credBlob: true, webauthn:extension:largeBlob: true, webauthn:extension:minPinLength: true, webauthn:extension:prf: true, webauthn:virtualAuthenticators: true}
Element: [[ChromeDriver: chrome on windows (406082e6ede7e13e34931232c26560fe)] -> xpath: //div[contains(@class, 'DayPicker-Day') and contains(@aria-label, 'Aug 26 2025') and @aria-disabled='false']]
Session ID: 406082e6ede7e13e34931232c26560fe
at org.openqa.selenium.remote.ErrorCodec.decode(ErrorCodec.java:167)
at org.openqa.selenium.remote.codec.w3c.W3CHttpResponseCodec.decode(W3CHttpResponseCodec.java:138)
at org.openqa.selenium.remote.codec.w3c.W3CHttpResponseCodec.decode(W3CHttpResponseCodec.java:50)
at org.openqa.selenium.remote.HttpCommandExecutor.execute(HttpCommandExecutor.java:190)
at org.openqa.selenium.remote.service.DriverCommandExecutor.invokeExecute(DriverCommandExecutor.java:216)
at org.openqa.selenium.remote.service.DriverCommandExecutor.execute(DriverCommandExecutor.java:174)
at org.openqa.selenium.remote.RemoteWebDriver.execute(RemoteWebDriver.java:518)
at org.openqa.selenium.remote.RemoteWebElement.execute(RemoteWebElement.java:223)
at org.openqa.selenium.remote.RemoteWebElement.click(RemoteWebElement.java:76)
at pages.BasePage.click(BasePage.java:26)
at pages.BusBookingPage.selectTravelDateByAriaLabel(BusBookingPage.java:104)
at tests.BusBookingTest.setupBusBooking(BusBookingTest.java:29)
at java.base/java.util.ArrayList.forEach(ArrayList.java:1596)
... Removed 28 stack frames]]>
    </failure>
  </testcase> <!-- setupBusBooking -->
  <testcase classname="tests.BusBookingTest" name="verifyBusTitleHeading" time="0.0">
    <skipped/>
  </testcase> <!-- verifyBusTitleHeading -->
  <testcase classname="tests.BusBookingTest" name="clickSelectSeatsButton" time="0.0">
    <skipped/>
  </testcase> <!-- clickSelectSeatsButton -->
  <testcase classname="tests.BusBookingTest" name="selectAvailableSeat" time="0.0">
    <skipped/>
  </testcase> <!-- selectAvailableSeat -->
  <testcase classname="tests.BusBookingTest" name="selectBoardingPoint" time="0.0">
    <skipped/>
  </testcase> <!-- selectBoardingPoint -->
  <testcase classname="tests.BusBookingTest" name="selectDroppingPoint" time="0.0">
    <skipped/>
  </testcase> <!-- selectDroppingPoint -->
  <testcase classname="tests.BusBookingTest" name="clickContinueButton" time="0.0">
    <skipped/>
  </testcase> <!-- clickContinueButton -->
  <testcase classname="tests.BusBookingTest" name="fillCompleteBookingDetails" time="0.0">
    <skipped/>
  </testcase> <!-- fillCompleteBookingDetails -->
  <testcase classname="tests.BusBookingTest" name="verifyPaymentDetails" time="0.0">
    <skipped/>
  </testcase> <!-- verifyPaymentDetails -->
</testsuite> <!-- Bus Booking Tests -->
