<?xml version="1.0" encoding="UTF-8"?>
<!-- Generated by org.testng.reporters.JUnitXMLReporter -->
<testsuite ignored="0" hostname="DESKTOP-LJNAPK9" failures="3" tests="5" name="Full Sequential Flow" time="139.534" errors="0" timestamp="2025-08-11T00:47:16 IST">
  <testcase classname="tests.BusBookingTest" name="busTicketBookingFlow" time="28.685"/>
  <testcase classname="tests.BusBookingTest" name="busTicketBookingFlow" time="8.489">
    <failure type="java.lang.AssertionError" message="Route title mismatch expected [Chennai, Tamil Nadu to Mayiladuthurai, Tamil Nadu Bus] but found [Chengannur, Kerala to Mayiladuthurai, Tamil Nadu Bus]">
      <![CDATA[java.lang.AssertionError: Route title mismatch expected [Chennai, Tamil Nadu to Mayiladuthurai, Tamil Nadu Bus] but found [Chengannur, Kerala to Mayiladuthurai, Tamil Nadu Bus]
at tests.BusBookingTest.busTicketBookingFlow(BusBookingTest.java:36)
at java.base/java.util.ArrayList.forEach(ArrayList.java:1596)
... Removed 30 stack frames]]>
    </failure>
  </testcase> <!-- busTicketBookingFlow -->
  <testcase classname="tests.BusBookingTest" name="busTicketBookingFlow" time="9.637">
    <failure type="java.lang.AssertionError" message="Route title mismatch expected [Chennai, Tamil Nadu to Karur, Tamil Nadu Bus] but found [Chengannur, Kerala to Karur, Tamil Nadu Bus]">
      <![CDATA[java.lang.AssertionError: Route title mismatch expected [Chennai, Tamil Nadu to Karur, Tamil Nadu Bus] but found [Chengannur, Kerala to Karur, Tamil Nadu Bus]
at tests.BusBookingTest.busTicketBookingFlow(BusBookingTest.java:36)
at java.base/java.util.ArrayList.forEach(ArrayList.java:1596)
... Removed 30 stack frames]]>
    </failure>
  </testcase> <!-- busTicketBookingFlow -->
  <testcase classname="tests.BusBookingTest" name="busTicketBookingFlow" time="39.487">
    <failure type="org.openqa.selenium.TimeoutException" message="Expected condition failed: waiting for visibility of element located by By.xpath: //div[contains(text(),&amp;apos;Please wait&amp;apos;)] (tried for 20 second(s) with 500 milliseconds interval)
Build info: version: &amp;apos;4.21.0&amp;apos;, revision: &amp;apos;79ed462ef4&amp;apos;
System info: os.name: &amp;apos;Windows 11&amp;apos;, os.arch: &amp;apos;amd64&amp;apos;, os.version: &amp;apos;10.0&amp;apos;, java.version: &amp;apos;21.0.6&amp;apos;
Driver info: org.openqa.selenium.chrome.ChromeDriver
Capabilities {acceptInsecureCerts: false, browserName: chrome, browserVersion: 138.0.7204.185, chrome: {chromedriverVersion: 138.0.7204.183 (e90faf484dd..., userDataDir: C:\Users\DELL\AppData\Local...}, fedcm:accounts: true, goog:chromeOptions: {debuggerAddress: localhost:50838}, networkConnectionEnabled: false, pageLoadStrategy: normal, platformName: windows, proxy: Proxy(), se:cdp: ws://localhost:50838/devtoo..., se:cdpVersion: 138.0.7204.185, setWindowRect: true, strictFileInteractability: false, timeouts: {implicit: 0, pageLoad: 300000, script: 30000}, unhandledPromptBehavior: dismiss and notify, webauthn:extension:credBlob: true, webauthn:extension:largeBlob: true, webauthn:extension:minPinLength: true, webauthn:extension:prf: true, webauthn:virtualAuthenticators: true}
Session ID: 92a9ae7bc98aa061ee97a5d8a19b2d0b">
      <![CDATA[org.openqa.selenium.TimeoutException: Expected condition failed: waiting for visibility of element located by By.xpath: //div[contains(text(),'Please wait')] (tried for 20 second(s) with 500 milliseconds interval)
Build info: version: '4.21.0', revision: '79ed462ef4'
System info: os.name: 'Windows 11', os.arch: 'amd64', os.version: '10.0', java.version: '21.0.6'
Driver info: org.openqa.selenium.chrome.ChromeDriver
Capabilities {acceptInsecureCerts: false, browserName: chrome, browserVersion: 138.0.7204.185, chrome: {chromedriverVersion: 138.0.7204.183 (e90faf484dd..., userDataDir: C:\Users\DELL\AppData\Local...}, fedcm:accounts: true, goog:chromeOptions: {debuggerAddress: localhost:50838}, networkConnectionEnabled: false, pageLoadStrategy: normal, platformName: windows, proxy: Proxy(), se:cdp: ws://localhost:50838/devtoo..., se:cdpVersion: 138.0.7204.185, setWindowRect: true, strictFileInteractability: false, timeouts: {implicit: 0, pageLoad: 300000, script: 30000}, unhandledPromptBehavior: dismiss and notify, webauthn:extension:credBlob: true, webauthn:extension:largeBlob: true, webauthn:extension:minPinLength: true, webauthn:extension:prf: true, webauthn:virtualAuthenticators: true}
Session ID: 92a9ae7bc98aa061ee97a5d8a19b2d0b
at org.openqa.selenium.support.ui.WebDriverWait.timeoutException(WebDriverWait.java:84)
at org.openqa.selenium.support.ui.FluentWait.until(FluentWait.java:228)
at factories.ExplicitWaitFactory.performExplicitWait(ExplicitWaitFactory.java:43)
at pages.BasePage.isDisplayed(BasePage.java:54)
at pages.CompleteBookingPage.verifyPleaseWaitPopup(CompleteBookingPage.java:105)
at tests.BusBookingTest.busTicketBookingFlow(BusBookingTest.java:63)
at java.base/java.util.ArrayList.forEach(ArrayList.java:1596)
... Removed 25 stack frames]]>
    </failure>
  </testcase> <!-- busTicketBookingFlow -->
  <testcase classname="tests.BusBookingTest" name="busTicketBookingFlow" time="26.561"/>
</testsuite> <!-- Full Sequential Flow -->
